focalLoss + Êý¾Ý¾ùºâ
modelName=Mynet, batch_size=128, learn_rate =0.000100, epochs=200, steps_per_epoch=500, validation_steps=100, isprep = 1

iter      loss      acc       
000050  0.223950  0.820312
000100  0.137511  0.875000
000150  0.087858  0.945312
000200  0.165603  0.875000
000250  0.108035  0.898438
000300  0.133690  0.859375
000350  0.099191  0.929688
000400  0.076965  0.945312
000450  0.083205  0.929688
000500  0.100952  0.945312
000550  0.094957  0.914062
000600  0.126467  0.921875
000650  0.115321  0.921875
000700  0.060490  0.953125
000750  0.061232  0.960938
000800  0.117293  0.890625
000850  0.062040  0.929688
000900  0.051304  0.968750
000950  0.072340  0.929688
001000  0.074922  0.929688
001050  0.060507  0.968750
001100  0.068654  0.945312
001150  0.071267  0.937500
001200  0.148646  0.945312
001250  0.100232  0.929688
001300  0.066145  0.937500
001350  0.061068  0.929688
001400  0.115190  0.914062
001450  0.135693  0.914062
001500  0.089811  0.929688
001550  0.182438  0.953125
001600  0.139728  0.929688
001650  0.051803  0.960938
001700  0.114792  0.898438
001750  0.065904  0.960938
001800  0.050774  0.960938
001850  0.103519  0.914062
001900  0.099631  0.898438
001950  0.106020  0.914062
002000  0.049643  0.960938
002050  0.084970  0.921875
002100  0.087861  0.937500
002150  0.093563  0.914062
002200  0.082722  0.945312
002250  0.070668  0.929688
002300  0.105631  0.914062
002350  0.076556  0.953125
002400  0.052148  0.945312
002450  0.049535  0.960938
002500  0.090013  0.898438
002550  0.052892  0.960938
002600  0.083522  0.914062
002650  0.066184  0.945312
002700  0.098549  0.929688
002750  0.092727  0.921875
002800  0.039689  0.992188
002850  0.096573  0.906250
002900  0.043973  0.937500
002950  0.084741  0.937500
003000  0.086604  0.921875
003050  0.121783  0.898438
003100  0.088706  0.945312
003150  0.106767  0.929688
003200  0.050827  0.968750
003250  0.103286  0.937500
003300  0.040852  0.976562
003350  0.083421  0.921875
003400  0.073195  0.953125
003450  0.094422  0.929688
003500  0.090925  0.960938
003550  0.061654  0.953125
003600  0.061970  0.960938
003650  0.056753  0.960938
003700  0.053928  0.968750
003750  0.116015  0.929688
003800  0.055145  0.968750
003850  0.065762  0.945312
003900  0.055025  0.953125
003950  0.027065  0.992188
004000  0.061990  0.945312
004050  0.035111  0.984375
004100  0.079047  0.945312
004150  0.022664  0.992188
004200  0.049710  0.945312
004250  0.059161  0.960938
004300  0.053620  0.960938
004350  0.032196  0.976562
004400  0.068751  0.945312
004450  0.087891  0.937500
004500  0.056102  0.953125
004550  0.074174  0.937500
004600  0.055556  0.953125
004650  0.037214  0.976562
004700  0.024229  0.976562
004750  0.060285  0.953125
004800  0.035216  0.976562
004850  0.045106  0.960938
004900  0.090814  0.937500
004950  0.027471  0.976562
005000  0.084839  0.945312
005050  0.049003  0.960938
005100  0.046577  0.968750
005150  0.101860  0.929688
005200  0.046312  0.976562
005250  0.058734  0.937500
005300  0.028822  0.992188
005350  0.074931  0.921875
005400  0.060407  0.945312
005450  0.024211  0.984375
005500  0.029424  0.968750
005550  0.060854  0.976562
005600  0.079862  0.945312
005650  0.048699  0.953125
005700  0.099197  0.953125
005750  0.022766  0.992188
005800  0.027687  0.984375
005850  0.058814  0.953125
005900  0.048719  0.945312
005950  0.046975  0.945312
006000  0.058554  0.976562
006050  0.017878  1.000000
006100  0.021528  0.976562
006150  0.044260  0.968750
006200  0.042730  0.968750
006250  0.011375  0.992188
006300  0.039368  0.976562
006350  0.076500  0.953125
006400  0.026510  0.976562
006450  0.041431  0.968750
006500  0.013735  0.992188
006550  0.041342  0.968750
006600  0.036989  0.976562
006650  0.107290  0.953125
006700  0.032904  0.960938
006750  0.054500  0.953125
006800  0.032649  0.960938
006850  0.056469  0.953125
006900  0.040440  0.976562
006950  0.048507  0.960938
007000  0.025982  0.976562
007050  0.041119  0.968750
007100  0.055653  0.960938
007150  0.019816  0.984375
007200  0.026493  0.984375
007250  0.017057  0.984375
007300  0.021706  0.992188
007350  0.063574  0.945312
007400  0.078087  0.953125
007450  0.056236  0.960938
007500  0.041202  0.976562
007550  0.014247  1.000000
007600  0.059033  0.953125
007650  0.035714  0.945312
007700  0.013863  0.992188
007750  0.045402  0.968750
007800  0.028625  0.968750
007850  0.019745  0.992188
007900  0.037597  0.960938
007950  0.062578  0.953125
008000  0.021252  0.992188
008050  0.018365  0.984375
008100  0.017695  0.984375
008150  0.045995  0.968750
008200  0.045855  0.968750
008250  0.017232  0.984375
008300  0.045554  0.953125
008350  0.045511  0.960938
008400  0.025586  0.992188
008450  0.047963  0.968750
008500  0.045582  0.953125
008550  0.025112  0.984375
008600  0.025137  0.976562
008650  0.018999  0.984375
008700  0.015488  0.992188
008750  0.013702  0.992188
008800  0.035540  0.992188
008850  0.019081  0.984375
008900  0.032561  0.976562
008950  0.017108  1.000000
009000  0.045356  0.968750
009050  0.025794  0.976562
009100  0.027347  0.968750
009150  0.018249  0.992188
009200  0.051428  0.953125
009250  0.044021  0.960938
009300  0.014169  0.992188
009350  0.007327  1.000000
009400  0.038865  0.976562
009450  0.022517  0.992188
009500  0.031687  0.976562
009550  0.029005  0.984375
009600  0.040470  0.968750
009650  0.040219  0.960938
009700  0.019534  0.984375
009750  0.051631  0.968750
009800  0.067919  0.976562
009850  0.055277  0.976562
009900  0.016525  0.984375
009950  0.037744  0.976562
010000  0.024958  0.976562
010050  0.025278  0.992188
010100  0.019285  0.984375
010150  0.029189  0.976562
010200  0.028623  0.976562
010250  0.024575  0.984375
010300  0.025079  0.976562
010350  0.040489  0.976562
010400  0.021919  0.992188
010450  0.030894  0.968750
010500  0.011801  0.992188
010550  0.025336  0.984375
010600  0.014087  0.992188
010650  0.012183  0.992188
010700  0.017752  0.984375
010750  0.037573  0.960938
010800  0.019994  0.976562
010850  0.021171  0.976562
010900  0.034834  0.976562
010950  0.015758  0.984375
011000  0.019292  0.992188
011050  0.014423  0.992188
011100  0.038325  0.960938
011150  0.018571  0.984375
011200  0.007182  1.000000
011250  0.023418  0.976562
011300  0.066319  0.968750
011350  0.011697  0.984375
011400  0.024757  0.976562
011450  0.027014  0.953125
011500  0.015214  0.992188
011550  0.017808  0.992188
011600  0.008900  0.992188
011650  0.046692  0.968750
011700  0.031177  0.968750
011750  0.041140  0.968750
011800  0.010832  0.992188
011850  0.019445  0.992188
011900  0.018603  0.992188
011950  0.017715  0.984375
012000  0.033842  0.992188
012050  0.028746  0.976562
012100  0.042913  0.976562
012150  0.023339  0.976562
012200  0.043197  0.968750
012250  0.034022  0.968750
012300  0.015696  0.984375
012350  0.007779  0.992188
012400  0.027766  0.976562
012450  0.023043  0.976562
012500  0.028285  0.976562
012550  0.025459  0.976562
012600  0.028017  0.984375
012650  0.029288  0.968750
012700  0.014985  0.984375
012750  0.004974  1.000000
012800  0.041635  0.968750
012850  0.031259  0.976562
012900  0.008592  1.000000
012950  0.028499  0.984375
013000  0.018585  0.992188
013050  0.013678  1.000000
013100  0.021946  0.976562
013150  0.004919  0.992188
013200  0.042425  0.976562
013250  0.020572  0.992188
013300  0.064085  0.976562
013350  0.026453  0.992188
013400  0.011244  1.000000
013450  0.024648  0.984375
013500  0.017747  0.984375
013550  0.004750  1.000000
013600  0.028106  0.976562
013650  0.020770  0.984375
013700  0.017172  0.976562
013750  0.042855  0.976562
013800  0.035286  0.968750
013850  0.032931  0.968750
013900  0.016982  0.992188
013950  0.024327  0.976562
014000  0.012557  0.992188
014050  0.051050  0.976562
014100  0.035064  0.976562
014150  0.006704  1.000000
014200  0.014723  0.984375
014250  0.088870  0.953125
014300  0.026382  0.968750
014350  0.024558  0.976562
014400  0.023534  0.984375
014450  0.023385  0.976562
014500  0.014781  0.984375
014550  0.016896  0.984375
014600  0.014342  0.992188
014650  0.018998  0.992188
014700  0.006778  1.000000
014750  0.024023  0.984375
014800  0.028438  0.976562
014850  0.008692  0.992188
014900  0.030697  0.976562
014950  0.019431  0.984375
015000  0.015257  0.992188
015050  0.015708  0.992188
015100  0.010085  0.992188
015150  0.009622  1.000000
015200  0.032418  0.976562
015250  0.013057  1.000000
015300  0.036761  0.984375
015350  0.003513  1.000000
015400  0.040872  0.984375
015450  0.032294  0.976562
015500  0.030561  0.968750
015550  0.029839  0.968750
015600  0.036162  0.976562
015650  0.006566  1.000000
015700  0.049426  0.976562
015750  0.009808  1.000000
015800  0.013733  0.992188
015850  0.024636  0.968750
015900  0.033021  0.984375
015950  0.024570  0.992188
016000  0.018629  0.984375
016050  0.023048  0.992188
016100  0.017712  0.992188
016150  0.012521  0.992188
016200  0.018948  0.984375
016250  0.023411  0.992188
016300  0.016730  0.992188
016350  0.040995  0.984375
016400  0.049976  0.960938
016450  0.052400  0.976562
016500  0.046126  0.984375
016550  0.007139  1.000000
016600  0.021810  0.984375
016650  0.035087  0.976562
016700  0.016424  0.984375
016750  0.058458  0.976562
016800  0.027919  0.976562
016850  0.032913  0.976562
016900  0.014059  0.992188
016950  0.012411  0.992188
017000  0.018843  0.992188
017050  0.011112  1.000000
017100  0.023952  0.984375
017150  0.018003  0.984375
017200  0.024694  0.976562
017250  0.003868  1.000000
017300  0.035083  0.984375
017350  0.033087  0.984375
017400  0.018011  0.992188
017450  0.009251  1.000000
017500  0.011930  0.992188
017550  0.005821  1.000000
017600  0.014379  0.992188
017650  0.017113  0.992188
017700  0.022150  0.984375
017750  0.005702  1.000000
017800  0.016600  0.984375
017850  0.019066  0.992188
017900  0.013336  0.992188
017950  0.035315  0.968750
018000  0.016036  0.984375
018050  0.030068  0.968750
018100  0.035402  0.968750
018150  0.013708  0.992188
018200  0.012874  0.984375
018250  0.010227  0.992188
018300  0.078236  0.968750
018350  0.019418  0.984375
018400  0.013350  0.984375
018450  0.028310  0.992188
018500  0.025386  0.984375
018550  0.018234  0.984375
018600  0.035609  0.992188
018650  0.006451  1.000000
018700  0.013628  0.984375
018750  0.006819  1.000000
018800  0.043865  0.984375
018850  0.026970  0.976562
018900  0.008250  1.000000
018950  0.006349  1.000000
019000  0.024326  0.976562
019050  0.026749  0.976562
019100  0.070623  0.953125
019150  0.029630  0.992188
019200  0.020176  0.984375
019250  0.047827  0.968750
019300  0.016394  0.992188
019350  0.020814  0.984375
019400  0.019841  0.992188
019450  0.019122  0.984375
019500  0.008764  0.992188
019550  0.013460  0.984375
019600  0.032538  0.984375
019650  0.047185  0.976562
019700  0.063304  0.984375
019750  0.022162  0.984375
019800  0.010422  0.984375
019850  0.011335  0.992188
019900  0.010014  1.000000
019950  0.010558  1.000000
020000  0.024617  0.968750
020050  0.022279  0.992188
020100  0.011543  0.992188
020150  0.013103  1.000000
020200  0.007476  0.992188
020250  0.032679  0.968750
020300  0.013530  0.992188
020350  0.023249  0.984375
020400  0.016041  0.992188
020450  0.013089  0.992188
020500  0.008799  1.000000
020550  0.038194  0.984375
020600  0.040532  0.976562
020650  0.006191  0.992188
020700  0.011236  1.000000
020750  0.019195  0.976562
020800  0.021378  0.992188
020850  0.023394  0.976562
020900  0.002855  1.000000
020950  0.006814  1.000000
021000  0.009440  0.992188
021050  0.009432  0.992188
021100  0.022753  0.984375
021150  0.026857  0.984375
021200  0.027758  0.984375
021250  0.009045  0.992188
021300  0.021324  0.976562
021350  0.041066  0.968750
021400  0.011130  1.000000
021450  0.025758  0.976562
021500  0.011356  0.984375
021550  0.062160  0.976562
021600  0.009067  0.992188
021650  0.016191  0.984375
021700  0.006419  1.000000
021750  0.019654  0.992188
021800  0.023920  0.976562
021850  0.023829  0.984375
021900  0.009616  0.992188
021950  0.033997  0.976562
022000  0.022309  0.984375
022050  0.015758  0.984375
022100  0.026048  0.984375
022150  0.025058  0.976562
022200  0.013478  0.984375
022250  0.024308  0.992188
022300  0.007960  0.992188
022350  0.015718  0.984375
022400  0.008956  1.000000
022450  0.008355  0.992188
022500  0.003553  1.000000
022550  0.011792  0.984375
022600  0.003299  1.000000
022650  0.051618  0.968750
022700  0.002359  1.000000
022750  0.040561  0.960938
022800  0.002935  1.000000
022850  0.012977  0.984375
022900  0.009575  1.000000
022950  0.014090  0.992188
023000  0.020572  0.992188
023050  0.054455  0.984375
023100  0.012180  0.992188
023150  0.016880  0.992188
023200  0.055689  0.976562
023250  0.022484  0.992188
023300  0.017964  0.992188
023350  0.023218  0.976562
023400  0.017894  0.992188
023450  0.020723  0.976562
023500  0.030133  0.960938
023550  0.023468  0.976562
023600  0.013762  0.984375
023650  0.018321  0.992188
023700  0.021248  0.992188
023750  0.028472  0.968750
023800  0.009856  0.992188
023850  0.014866  0.992188
023900  0.017550  0.992188
023950  0.010949  0.992188
024000  0.004689  1.000000
024050  0.016916  0.984375
024100  0.010852  0.992188
024150  0.005905  1.000000
024200  0.006620  0.992188
024250  0.004987  0.992188
024300  0.009336  0.992188
024350  0.006508  1.000000
024400  0.010320  0.992188
024450  0.038803  0.976562
024500  0.010983  0.992188
024550  0.009672  1.000000
024600  0.017800  0.992188
024650  0.008378  1.000000
024700  0.023380  0.984375
024750  0.011416  0.992188
024800  0.005471  1.000000
024850  0.005583  1.000000
024900  0.068704  0.960938
024950  0.035220  0.976562
025000  0.048978  0.984375
025050  0.010244  0.992188
025100  0.029369  0.976562
025150  0.012828  0.992188
025200  0.048889  0.960938
025250  0.027888  0.976562
025300  0.006484  1.000000
025350  0.016323  0.992188
025400  0.036908  0.984375
025450  0.005038  1.000000
025500  0.025256  0.984375
025550  0.018099  0.976562
025600  0.019733  0.992188
025650  0.026349  0.984375
025700  0.026132  0.953125
025750  0.053066  0.976562
025800  0.003947  1.000000
025850  0.008229  1.000000
025900  0.022642  0.984375
025950  0.024574  0.984375
026000  0.004291  1.000000
026050  0.004710  1.000000
026100  0.010182  0.992188
026150  0.007271  0.992188
026200  0.015511  0.984375
026250  0.023011  0.984375
026300  0.044102  0.968750
026350  0.010985  0.984375
026400  0.044561  0.976562
026450  0.012692  0.984375
026500  0.024980  0.992188
026550  0.001510  1.000000
026600  0.005057  1.000000
026650  0.022137  0.992188
026700  0.003654  1.000000
026750  0.007729  1.000000
026800  0.025786  0.984375
026850  0.011681  0.992188
026900  0.058098  0.976562
026950  0.009865  0.992188
027000  0.006620  0.992188
027050  0.010126  0.992188
027100  0.046165  0.953125
027150  0.034475  0.976562
027200  0.005097  0.992188
027250  0.004339  1.000000
027300  0.009096  1.000000
027350  0.006905  1.000000
027400  0.003806  1.000000
027450  0.007309  0.992188
027500  0.005698  1.000000
027550  0.013208  0.992188
027600  0.001588  1.000000
027650  0.007289  0.992188
027700  0.011197  0.992188
027750  0.043470  0.968750
027800  0.015616  0.984375
027850  0.014321  0.992188
027900  0.017146  0.976562
027950  0.021485  0.976562
028000  0.005109  1.000000
028050  0.006597  0.992188
028100  0.034771  0.984375
028150  0.014164  0.976562
028200  0.006561  1.000000
028250  0.019008  0.984375
028300  0.009707  0.984375
028350  0.009343  0.992188
028400  0.013371  0.984375
028450  0.047911  0.960938
028500  0.004562  1.000000
028550  0.003108  1.000000
028600  0.022316  0.976562
028650  0.012840  0.992188
028700  0.004041  1.000000
028750  0.019105  0.984375
028800  0.015366  0.984375
028850  0.010079  0.992188
028900  0.012136  0.992188
028950  0.020820  0.976562
029000  0.024523  0.968750
029050  0.010591  0.992188
029100  0.018038  0.984375
029150  0.038288  0.984375
029200  0.036819  0.953125
029250  0.006764  1.000000
029300  0.034607  0.984375
029350  0.002853  1.000000
029400  0.039659  0.992188
029450  0.030711  0.984375
029500  0.048609  0.968750
029550  0.014750  0.992188
029600  0.014403  0.984375
029650  0.020952  0.984375
029700  0.025244  0.984375
029750  0.007997  1.000000
029800  0.013800  0.992188
029850  0.021552  0.976562
029900  0.042530  0.984375
029950  0.005760  1.000000
030000  0.033705  0.968750
030050  0.021505  0.984375
030100  0.012072  0.992188
030150  0.006311  1.000000
030200  0.011913  0.984375
030250  0.027163  0.992188
030300  0.003028  1.000000
030350  0.006872  1.000000
030400  0.015010  0.984375
030450  0.010543  0.992188
030500  0.034608  0.976562
030550  0.012215  0.984375
030600  0.004243  1.000000
030650  0.003849  1.000000
030700  0.031622  0.960938
030750  0.012367  0.984375
030800  0.013335  0.992188
030850  0.006645  0.992188
030900  0.014295  0.992188
030950  0.010509  0.992188
031000  0.023648  0.984375
031050  0.022238  0.984375
031100  0.006623  0.992188
031150  0.027651  0.984375
031200  0.009514  0.992188
031250  0.007429  1.000000
031300  0.008728  0.992188
031350  0.012973  0.984375
031400  0.035587  0.976562
031450  0.004081  1.000000
031500  0.001741  1.000000
031550  0.023442  0.992188
031600  0.012737  0.984375
031650  0.018652  0.984375
031700  0.016608  0.992188
031750  0.023385  0.984375
031800  0.009509  0.992188
031850  0.018577  0.984375
031900  0.013291  0.992188
031950  0.018035  0.992188
032000  0.010061  0.992188
032050  0.012844  0.992188
032100  0.006158  1.000000
032150  0.004497  1.000000
032200  0.011889  0.992188
032250  0.007949  0.992188
032300  0.000699  1.000000
032350  0.004040  1.000000
032400  0.004206  1.000000
032450  0.004563  1.000000
032500  0.004259  1.000000
032550  0.014552  0.984375
032600  0.026225  0.984375
032650  0.076129  0.968750
032700  0.030056  0.976562
032750  0.038720  0.976562
032800  0.007201  1.000000
032850  0.019606  0.984375
032900  0.007248  1.000000
032950  0.013051  0.992188
033000  0.001723  1.000000
033050  0.006950  0.992188
033100  0.004987  1.000000
033150  0.015378  0.992188
033200  0.012831  0.992188
033250  0.017717  0.992188
033300  0.012379  0.992188
033350  0.002014  1.000000
033400  0.002739  1.000000
033450  0.024707  0.984375
033500  0.028019  0.976562
033550  0.040599  0.968750
033600  0.024058  0.992188
033650  0.021833  0.992188
033700  0.010251  0.992188
033750  0.018028  0.976562
033800  0.010177  0.992188
033850  0.008725  1.000000
033900  0.047115  0.976562
033950  0.016613  0.984375
034000  0.006114  0.992188
034050  0.024099  0.984375
034100  0.012012  0.984375
034150  0.020521  0.984375
034200  0.025481  0.976562
034250  0.020399  0.984375
034300  0.012561  0.992188
034350  0.010789  0.992188
034400  0.021955  0.984375
034450  0.005825  0.992188
034500  0.017409  0.976562
034550  0.024578  0.968750
034600  0.021303  0.976562
034650  0.005009  1.000000
034700  0.023336  0.984375
034750  0.036525  0.960938
034800  0.007720  0.992188
034850  0.003257  1.000000
034900  0.022959  0.976562
034950  0.005967  0.992188
035000  0.004360  1.000000
035050  0.010493  0.992188
035100  0.021260  0.992188
035150  0.014621  0.992188
035200  0.024741  0.984375
035250  0.003594  1.000000
035300  0.028361  0.976562
035350  0.008253  1.000000
035400  0.006117  1.000000
035450  0.040061  0.976562
035500  0.017056  0.992188
035550  0.003750  1.000000
035600  0.004963  1.000000
035650  0.003208  1.000000
035700  0.022897  0.976562
035750  0.003165  1.000000
035800  0.004328  0.992188
035850  0.011878  0.992188
035900  0.018127  0.992188
035950  0.003852  1.000000
036000  0.013930  0.984375
036050  0.027919  0.992188
036100  0.037577  0.984375
036150  0.006956  1.000000
036200  0.003586  1.000000
036250  0.001831  1.000000
036300  0.024755  0.984375
036350  0.009789  0.984375
036400  0.029266  0.984375
036450  0.023497  0.984375
036500  0.107969  0.976562
036550  0.011521  0.992188
036600  0.019381  0.984375
036650  0.007834  1.000000
036700  0.019336  0.976562
036750  0.021838  0.992188
036800  0.012471  0.992188
036850  0.016598  0.976562
036900  0.009508  0.992188
036950  0.009723  0.992188
037000  0.032978  0.984375
037050  0.001373  1.000000
037100  0.009411  0.992188
037150  0.056377  0.976562
037200  0.012143  0.992188
037250  0.034126  0.976562
037300  0.004881  1.000000
037350  0.001701  1.000000
037400  0.002650  1.000000
037450  0.009215  0.992188
037500  0.019171  0.976562
037550  0.004950  1.000000
037600  0.024907  0.968750
037650  0.008551  1.000000
037700  0.006477  0.992188
037750  0.008733  0.984375
037800  0.067675  0.968750
037850  0.011441  0.992188
037900  0.019448  0.984375
037950  0.016137  0.992188
038000  0.061944  0.945312
038050  0.018034  0.992188
038100  0.032988  0.976562
038150  0.013562  0.992188
038200  0.014718  0.992188
038250  0.003346  1.000000
038300  0.026764  0.976562
038350  0.006112  0.992188
038400  0.008066  0.992188
038450  0.005111  1.000000
038500  0.020019  0.992188
038550  0.013989  0.984375
038600  0.011889  0.992188
038650  0.005521  1.000000
038700  0.019687  0.984375
038750  0.005110  1.000000
038800  0.008641  0.992188
038850  0.003240  1.000000
038900  0.005318  0.992188
038950  0.009471  1.000000
039000  0.003065  1.000000
039050  0.020645  0.992188
039100  0.016319  0.984375
039150  0.004079  1.000000
039200  0.012895  0.984375
039250  0.005888  1.000000
039300  0.014732  0.992188
039350  0.008132  1.000000
039400  0.046319  0.976562
039450  0.025553  0.976562
039500  0.078811  0.968750
039550  0.020689  0.992188
039600  0.003163  1.000000
039650  0.013790  0.992188
039700  0.000992  1.000000
039750  0.013779  0.992188
039800  0.015443  0.992188
039850  0.005254  1.000000
039900  0.003849  1.000000
039950  0.013248  0.992188
040000  0.028603  0.960938
040050  0.006786  1.000000
040100  0.006415  1.000000
040150  0.024193  0.976562
040200  0.016201  0.984375
040250  0.002750  1.000000
040300  0.018043  0.984375
040350  0.006037  0.992188
040400  0.009869  0.992188
040450  0.006799  1.000000
040500  0.001147  1.000000
040550  0.025150  0.984375
040600  0.007992  0.992188
040650  0.006555  1.000000
040700  0.002864  1.000000
040750  0.031344  0.984375
040800  0.016299  0.984375
040850  0.013065  0.984375
040900  0.015278  0.984375
040950  0.026565  0.984375
041000  0.027064  0.976562
041050  0.006874  0.992188
041100  0.009827  0.992188
041150  0.007292  0.992188
041200  0.017211  0.984375
041250  0.027331  0.984375
041300  0.011889  0.992188
041350  0.004595  1.000000
041400  0.016698  0.992188
041450  0.021059  0.984375
041500  0.022201  0.984375
041550  0.002245  1.000000
041600  0.054394  0.953125
041650  0.009760  0.992188
041700  0.013951  0.992188
041750  0.004012  1.000000
041800  0.014302  0.984375
041850  0.025401  0.992188
041900  0.008764  0.992188
041950  0.008411  0.992188
042000  0.005719  1.000000
042050  0.010641  0.992188
042100  0.014410  0.992188
042150  0.012030  0.992188
042200  0.008748  0.992188
042250  0.001054  1.000000
042300  0.019952  0.992188
042350  0.017454  0.992188
042400  0.022379  0.984375
042450  0.016962  0.992188
042500  0.006596  0.992188
042550  0.018035  0.984375
042600  0.020339  0.968750
042650  0.001853  1.000000
042700  0.005881  0.992188
042750  0.040777  0.984375
042800  0.014244  0.976562
042850  0.009510  1.000000
042900  0.008367  0.984375
042950  0.035771  0.984375
043000  0.026790  0.976562
043050  0.003668  1.000000
043100  0.010670  0.992188
043150  0.020511  0.984375
043200  0.009791  0.992188
043250  0.004252  1.000000
043300  0.012087  0.992188
043350  0.004963  1.000000
043400  0.004856  1.000000
043450  0.018359  0.984375
043500  0.007318  1.000000
043550  0.016064  0.992188
043600  0.021521  0.992188
043650  0.001950  1.000000
043700  0.005467  0.992188
043750  0.001684  1.000000
043800  0.016502  0.984375
043850  0.004209  1.000000
043900  0.064955  0.976562
043950  0.001676  1.000000
044000  0.017677  0.992188
044050  0.010576  0.984375
044100  0.006930  1.000000
044150  0.010225  0.992188
044200  0.001510  1.000000
044250  0.046879  0.984375
044300  0.005807  1.000000
044350  0.008213  0.992188
044400  0.048189  0.984375
044450  0.006760  1.000000
044500  0.028932  0.976562
044550  0.007753  1.000000
044600  0.020032  0.984375
044650  0.008551  0.992188
044700  0.009332  0.992188
044750  0.006745  1.000000
044800  0.004793  1.000000
044850  0.015562  0.984375
044900  0.012770  0.992188
044950  0.016964  0.984375
045000  0.006796  1.000000
045050  0.003740  1.000000
045100  0.018495  0.992188
045150  0.028664  0.984375
045200  0.045776  0.968750
045250  0.005348  1.000000
045300  0.010867  0.992188
045350  0.024566  0.976562
045400  0.010841  0.992188
045450  0.030877  0.984375
045500  0.009232  0.992188
045550  0.009722  0.992188
045600  0.020529  0.984375
045650  0.012981  0.992188
045700  0.006799  0.992188
045750  0.005146  1.000000
045800  0.004708  1.000000
045850  0.008734  0.992188
045900  0.034290  0.976562
045950  0.003742  1.000000
046000  0.010260  0.984375
046050  0.008849  1.000000
046100  0.030843  0.984375
046150  0.011897  0.992188
046200  0.022983  0.984375
046250  0.011172  0.992188
046300  0.018628  0.992188
046350  0.001328  1.000000
046400  0.028029  0.984375
046450  0.026597  0.984375
046500  0.013396  0.984375
046550  0.026002  0.992188
046600  0.006134  1.000000
046650  0.006050  1.000000
046700  0.003819  1.000000
046750  0.033116  0.984375
046800  0.029295  0.984375
046850  0.003373  1.000000
046900  0.008516  0.992188
046950  0.006595  0.992188
047000  0.006070  0.992188
047050  0.002639  1.000000
047100  0.003545  1.000000
047150  0.014732  0.992188
047200  0.004651  0.992188
047250  0.011838  0.984375
047300  0.001565  1.000000
047350  0.028162  0.992188
047400  0.002087  1.000000
047450  0.006081  0.992188
047500  0.002874  1.000000
047550  0.001254  1.000000
047600  0.004665  0.992188
047650  0.005233  0.992188
047700  0.017263  0.976562
047750  0.033453  0.976562
047800  0.015860  0.976562
047850  0.008984  0.992188
047900  0.003661  1.000000
047950  0.029738  0.992188
048000  0.017888  0.984375
048050  0.008949  0.992188
048100  0.015462  0.992188
048150  0.018937  0.984375
048200  0.035160  0.984375
048250  0.023077  0.992188
048300  0.037733  0.968750
048350  0.024895  0.992188
048400  0.002958  1.000000
048450  0.019356  0.984375
048500  0.004155  1.000000
048550  0.003551  1.000000
048600  0.006637  0.992188
048650  0.006925  0.992188
048700  0.011952  0.984375
048750  0.022380  0.992188
048800  0.010214  0.992188
048850  0.020825  0.976562
048900  0.020006  0.984375
048950  0.004939  1.000000
049000  0.014664  0.992188
049050  0.023542  0.984375
049100  0.009223  0.992188
049150  0.003012  1.000000
049200  0.007435  1.000000
049250  0.044574  0.984375
049300  0.003366  1.000000
049350  0.016136  0.976562
049400  0.022505  0.992188
049450  0.007725  0.992188
049500  0.005391  1.000000
049550  0.019565  0.992188
049600  0.013878  0.984375
049650  0.029498  0.984375
049700  0.022680  0.992188
049750  0.020558  0.992188
049800  0.032265  0.992188
049850  0.003912  1.000000
049900  0.019277  0.984375
049950  0.001789  1.000000
050000  0.006824  1.000000
050050  0.015785  0.984375
050100  0.030073  0.976562
050150  0.006689  1.000000
050200  0.012157  0.992188
050250  0.019711  0.992188
050300  0.008485  0.992188
050350  0.001110  1.000000
050400  0.008748  0.992188
050450  0.003586  1.000000
050500  0.018662  0.992188
050550  0.005444  0.992188
050600  0.046985  0.984375
050650  0.009180  0.992188
050700  0.015197  0.984375
050750  0.007493  1.000000
050800  0.003865  1.000000
050850  0.016587  0.984375
050900  0.018912  0.984375
050950  0.014847  0.984375
051000  0.017213  0.984375
051050  0.016455  0.992188
051100  0.001595  1.000000
051150  0.015940  0.992188
051200  0.019806  0.992188
051250  0.005588  0.992188
051300  0.010548  0.984375
051350  0.008516  0.992188
051400  0.002215  1.000000
051450  0.000771  1.000000
051500  0.008461  0.992188
051550  0.005017  1.000000
051600  0.001848  1.000000
051650  0.007769  0.992188
051700  0.020959  0.992188
051750  0.026489  0.984375
051800  0.027506  0.976562
051850  0.013246  0.992188
051900  0.007997  1.000000
051950  0.001904  1.000000
052000  0.002059  1.000000
052050  0.050810  0.976562
052100  0.003398  1.000000
052150  0.003210  1.000000
052200  0.002305  1.000000
052250  0.017865  0.992188
052300  0.013756  0.992188
052350  0.004018  0.992188
052400  0.025816  0.992188
052450  0.004124  0.992188
052500  0.006312  1.000000
052550  0.001951  1.000000
052600  0.017653  0.984375
052650  0.026984  0.976562
052700  0.006727  1.000000
052750  0.009576  0.992188
052800  0.022267  0.984375
052850  0.007842  1.000000
052900  0.006707  0.992188
052950  0.006846  0.992188
053000  0.011605  0.984375
053050  0.021547  0.968750
053100  0.011358  0.992188
053150  0.005525  0.992188
053200  0.004358  1.000000
053250  0.001844  1.000000
053300  0.004272  1.000000
053350  0.005581  0.992188
053400  0.019209  0.968750
053450  0.008454  1.000000
053500  0.030117  0.992188
053550  0.014305  0.984375
053600  0.003307  1.000000
053650  0.025636  0.976562
053700  0.011573  0.984375
053750  0.016095  0.992188
053800  0.005057  1.000000
053850  0.011764  0.992188
053900  0.003367  1.000000
053950  0.005399  0.992188
054000  0.008083  0.992188
054050  0.014588  0.992188
054100  0.000704  1.000000
054150  0.026386  0.976562
054200  0.008359  1.000000
054250  0.002802  1.000000
054300  0.011610  0.992188
054350  0.014509  0.984375
054400  0.052652  0.984375
054450  0.001950  1.000000
054500  0.002542  1.000000
054550  0.015123  0.984375
054600  0.018195  0.992188
054650  0.003963  1.000000
054700  0.007546  1.000000
054750  0.007701  0.992188
054800  0.003204  1.000000
054850  0.014876  0.984375
054900  0.016728  0.984375
054950  0.036629  0.992188
055000  0.023259  0.984375
055050  0.005090  1.000000
055100  0.002483  1.000000
055150  0.009736  0.984375
055200  0.002840  1.000000
055250  0.004214  0.992188
055300  0.020411  0.992188
055350  0.007785  1.000000
055400  0.005602  1.000000
055450  0.009773  0.992188
055500  0.017828  0.992188
055550  0.002855  1.000000
055600  0.006780  1.000000
055650  0.005293  1.000000
055700  0.006253  0.992188
055750  0.015670  0.992188
055800  0.023582  0.992188
055850  0.017375  0.992188
055900  0.010875  0.992188
055950  0.023264  0.984375
056000  0.009371  0.992188
056050  0.020510  0.992188
056100  0.002526  1.000000
056150  0.033550  0.968750
056200  0.009063  1.000000
056250  0.001786  1.000000
056300  0.002305  1.000000
056350  0.020292  0.992188
056400  0.064352  0.976562
056450  0.011939  1.000000
056500  0.014147  0.992188
056550  0.015733  0.992188
056600  0.011241  0.992188
056650  0.008478  0.984375
056700  0.002427  1.000000
056750  0.015571  0.992188
056800  0.012889  0.984375
056850  0.003534  0.992188
056900  0.020920  0.984375
056950  0.008039  0.992188
057000  0.002375  1.000000
057050  0.000853  1.000000
057100  0.010203  0.992188
057150  0.005005  1.000000
057200  0.006789  0.992188
057250  0.003634  1.000000
057300  0.028819  0.992188
057350  0.020660  0.984375
057400  0.010538  0.992188
057450  0.006770  0.992188
057500  0.006074  1.000000
057550  0.021317  0.984375
057600  0.007242  0.992188
057650  0.007353  0.992188
057700  0.002364  1.000000
057750  0.005952  0.992188
057800  0.003521  1.000000
057850  0.008526  0.984375
057900  0.005740  1.000000
057950  0.003125  1.000000
058000  0.024982  0.984375
058050  0.011561  0.992188
058100  0.000717  1.000000
058150  0.011186  0.992188
058200  0.010294  0.992188
058250  0.031234  0.976562
058300  0.005041  1.000000
058350  0.016276  0.992188
058400  0.028947  0.992188
058450  0.010082  0.992188
058500  0.016380  0.976562
058550  0.003503  1.000000
058600  0.024652  0.976562
058650  0.009237  0.992188
058700  0.002661  1.000000
058750  0.004977  1.000000
058800  0.038990  0.968750
058850  0.011443  0.992188
058900  0.018035  0.984375
058950  0.011355  0.992188
059000  0.009543  0.992188
059050  0.006968  0.992188
059100  0.003935  1.000000
059150  0.005363  0.992188
059200  0.012723  0.984375
059250  0.007526  0.992188
059300  0.011801  0.984375
059350  0.002305  1.000000
059400  0.003357  1.000000
059450  0.002159  1.000000
059500  0.075536  0.984375
059550  0.012222  0.984375
059600  0.004020  1.000000
059650  0.008683  0.992188
059700  0.008383  0.992188
059750  0.006843  0.992188
059800  0.001614  1.000000
059850  0.011508  0.992188
059900  0.004728  1.000000
059950  0.021785  0.992188
060000  0.003787  1.000000
060050  0.029230  0.984375
060100  0.007709  0.992188
060150  0.003254  1.000000
060200  0.015473  0.992188
060250  0.029164  0.976562
060300  0.000973  1.000000
060350  0.005251  1.000000
060400  0.004425  1.000000
060450  0.008134  0.992188
060500  0.005345  1.000000
060550  0.007484  0.992188
060600  0.015488  0.992188
060650  0.018953  0.984375
060700  0.006576  1.000000
060750  0.000813  1.000000
060800  0.018038  0.984375
060850  0.012727  0.976562
060900  0.015390  0.984375
060950  0.009429  0.992188
061000  0.006930  1.000000
061050  0.002913  1.000000
061100  0.017748  0.968750
061150  0.010544  0.984375
061200  0.001053  1.000000
061250  0.053407  0.984375
061300  0.005668  1.000000
061350  0.029504  0.984375
061400  0.012988  0.992188
061450  0.005591  1.000000
061500  0.008911  0.992188
061550  0.003708  1.000000
061600  0.004380  1.000000
061650  0.002864  1.000000
061700  0.006631  0.992188
061750  0.001429  1.000000
061800  0.003904  1.000000
061850  0.013309  0.984375
061900  0.002799  1.000000
061950  0.027588  0.992188
062000  0.002430  1.000000
062050  0.011234  0.992188
062100  0.003585  1.000000
062150  0.005488  1.000000
062200  0.005170  1.000000
062250  0.036081  0.984375
062300  0.002395  1.000000
062350  0.009557  0.992188
062400  0.000485  1.000000
062450  0.028283  0.984375
062500  0.004565  1.000000
062550  0.009893  1.000000
062600  0.006912  0.992188
062650  0.007149  0.992188
062700  0.013190  0.992188
062750  0.012558  0.992188
062800  0.019976  0.984375
062850  0.010479  0.984375
062900  0.002195  1.000000
062950  0.003856  1.000000
063000  0.008329  0.992188
063050  0.008783  0.992188
063100  0.006936  0.992188
063150  0.003116  1.000000
063200  0.001516  1.000000
063250  0.003092  1.000000
063300  0.014812  0.984375
063350  0.019319  0.984375
063400  0.005116  1.000000
063450  0.012670  0.992188
063500  0.028698  0.976562
063550  0.001218  1.000000
063600  0.006055  1.000000
063650  0.003832  1.000000
063700  0.003270  1.000000
063750  0.013564  0.992188
063800  0.003735  1.000000
063850  0.005754  1.000000
063900  0.018711  0.992188
063950  0.006218  0.992188
064000  0.007225  0.992188
064050  0.001970  1.000000
064100  0.007975  0.992188
064150  0.036142  0.984375
064200  0.007567  0.992188
064250  0.006268  1.000000
064300  0.012556  0.992188
064350  0.006922  0.992188
064400  0.004749  1.000000
064450  0.030898  0.976562
064500  0.003670  1.000000
064550  0.013773  0.984375
064600  0.000867  1.000000
064650  0.007792  0.992188
064700  0.004290  1.000000
064750  0.004616  0.992188
064800  0.024967  0.984375
064850  0.002113  1.000000
064900  0.012124  0.984375
064950  0.007056  0.992188
065000  0.007282  0.992188
065050  0.009392  0.984375
065100  0.012891  0.992188
065150  0.020661  0.992188
065200  0.017513  0.976562
065250  0.006816  0.992188
065300  0.001888  1.000000
065350  0.004000  1.000000
065400  0.022967  0.984375
065450  0.008343  0.992188
065500  0.009704  0.992188
065550  0.023554  0.992188
065600  0.023059  0.992188
065650  0.006511  1.000000
065700  0.008431  0.992188
065750  0.003564  1.000000
065800  0.004718  1.000000
065850  0.006093  1.000000
065900  0.023836  0.984375
065950  0.013392  0.992188
066000  0.004152  1.000000
066050  0.007689  0.992188
066100  0.007145  1.000000
066150  0.005670  1.000000
066200  0.005820  0.992188
066250  0.029406  0.976562
066300  0.009733  0.992188
066350  0.029585  0.976562
066400  0.001516  1.000000
066450  0.005253  0.992188
066500  0.004927  0.992188
066550  0.009514  0.992188
066600  0.011343  0.984375
066650  0.011400  0.984375
066700  0.002439  1.000000
066750  0.026039  0.984375
066800  0.022314  0.984375
066850  0.003589  1.000000
066900  0.010765  0.992188
066950  0.007424  0.992188
067000  0.018471  0.984375
067050  0.009906  0.992188
067100  0.016509  0.992188
067150  0.010894  0.992188
067200  0.001079  1.000000
067250  0.001150  1.000000
067300  0.010571  0.992188
067350  0.011774  0.992188
067400  0.017685  0.992188
067450  0.028018  0.984375
067500  0.002314  1.000000
067550  0.005291  0.992188
067600  0.000911  1.000000
067650  0.005576  1.000000
067700  0.005834  0.992188
067750  0.009614  0.984375
067800  0.007626  0.992188
067850  0.013029  0.992188
067900  0.007544  1.000000
067950  0.004581  0.992188
068000  0.002203  1.000000
068050  0.013679  0.992188
068100  0.026236  0.984375
068150  0.008675  0.992188
068200  0.004290  1.000000
068250  0.000553  1.000000
068300  0.005323  1.000000
068350  0.026206  0.968750
068400  0.001714  1.000000
068450  0.015333  0.992188
068500  0.004382  1.000000
068550  0.011218  0.992188
068600  0.005400  1.000000
068650  0.002531  1.000000
068700  0.009244  0.992188
068750  0.018595  0.984375
068800  0.001332  1.000000
068850  0.001887  1.000000
068900  0.000864  1.000000
068950  0.007029  1.000000
069000  0.016905  0.984375
069050  0.006145  1.000000
069100  0.009812  0.992188
069150  0.012157  0.992188
069200  0.004400  0.992188
069250  0.007796  0.992188
069300  0.001334  1.000000
069350  0.013687  0.992188
069400  0.018063  0.984375
069450  0.008186  0.992188
069500  0.009365  0.992188
069550  0.001944  1.000000
069600  0.001485  1.000000
069650  0.000168  1.000000
069700  0.005373  1.000000
069750  0.013536  0.984375
069800  0.010413  0.992188
069850  0.001899  1.000000
069900  0.003621  1.000000
069950  0.005363  0.992188
070000  0.026831  0.984375
070050  0.019840  0.984375
070100  0.008824  0.984375
070150  0.056532  0.968750
070200  0.007117  1.000000
070250  0.002645  1.000000
070300  0.008101  1.000000
070350  0.031877  0.968750
070400  0.006289  1.000000
070450  0.000980  1.000000
070500  0.019703  0.984375
070550  0.001106  1.000000
070600  0.019844  0.984375
070650  0.012583  0.992188
070700  0.018811  0.984375
070750  0.007428  0.992188
070800  0.007224  0.992188
070850  0.003318  1.000000
070900  0.025833  0.984375
070950  0.006451  1.000000
071000  0.026740  0.992188
071050  0.005864  1.000000
071100  0.006346  0.992188
071150  0.010275  0.992188
071200  0.001071  1.000000
071250  0.002475  1.000000
071300  0.005900  0.992188
071350  0.010335  0.992188
071400  0.001440  1.000000
071450  0.002910  1.000000
071500  0.004366  1.000000
071550  0.000137  1.000000
071600  0.012148  0.984375
071650  0.004837  0.992188
071700  0.031290  0.984375
071750  0.003327  1.000000
071800  0.013714  0.992188
071850  0.006952  0.992188
071900  0.010405  0.992188
071950  0.006449  0.992188
072000  0.008541  0.992188
072050  0.010981  0.992188
072100  0.012915  0.992188
072150  0.017241  0.984375
072200  0.010050  0.992188
072250  0.006798  0.992188
072300  0.014914  0.992188
072350  0.037967  0.984375
072400  0.009570  0.992188
072450  0.008855  0.984375
072500  0.005534  1.000000
072550  0.006520  0.992188
072600  0.036931  0.976562
072650  0.000289  1.000000
072700  0.024665  0.992188
072750  0.025979  0.984375
072800  0.024564  0.984375
072850  0.013067  0.992188
072900  0.003000  1.000000
072950  0.031120  0.984375
073000  0.003409  1.000000
073050  0.019801  0.992188
073100  0.006387  1.000000
073150  0.000527  1.000000
073200  0.010887  0.992188
073250  0.008032  0.992188
073300  0.002633  1.000000
073350  0.023062  0.976562
073400  0.006269  0.992188
073450  0.001018  1.000000
073500  0.000682  1.000000
073550  0.003710  1.000000
073600  0.008944  0.992188
073650  0.007376  0.992188
073700  0.008486  0.992188
073750  0.013085  0.992188
073800  0.003753  1.000000
073850  0.008621  0.992188
073900  0.006522  0.992188
073950  0.007772  0.984375
074000  0.008198  0.992188
074050  0.015206  0.992188
074100  0.003554  1.000000
074150  0.005712  0.992188
074200  0.028986  0.976562
074250  0.009082  0.992188
074300  0.003378  1.000000
074350  0.010392  0.992188
074400  0.002778  1.000000
074450  0.014805  0.984375
074500  0.003969  1.000000
074550  0.011726  0.984375
074600  0.030205  0.976562
074650  0.000701  1.000000
074700  0.000635  1.000000
074750  0.004076  1.000000
074800  0.003953  1.000000
074850  0.013915  0.984375
074900  0.005907  1.000000
074950  0.000995  1.000000
075000  0.010231  0.984375
075050  0.001945  1.000000
075100  0.020952  0.992188
075150  0.004418  1.000000
075200  0.000593  1.000000
075250  0.020658  0.992188
075300  0.007679  0.992188
075350  0.000986  1.000000
075400  0.004848  1.000000
075450  0.001007  1.000000
075500  0.002756  1.000000
075550  0.005886  0.992188
075600  0.001594  1.000000
075650  0.004769  1.000000
075700  0.006520  0.992188
075750  0.021506  0.992188
075800  0.001849  1.000000
075850  0.004309  1.000000
075900  0.011854  0.992188
075950  0.021731  0.984375
076000  0.021411  0.984375
076050  0.002292  1.000000
076100  0.027494  0.984375
076150  0.011586  0.984375
076200  0.009076  0.992188
076250  0.003104  1.000000
076300  0.001187  1.000000
076350  0.002628  1.000000
076400  0.001950  1.000000
076450  0.004659  1.000000
076500  0.001853  1.000000
076550  0.002654  1.000000
076600  0.013945  0.984375
076650  0.002791  1.000000
076700  0.003923  1.000000
076750  0.006468  0.992188
076800  0.009175  1.000000
076850  0.003670  1.000000
076900  0.000660  1.000000
076950  0.008744  0.992188
077000  0.021167  0.984375
077050  0.001754  1.000000
077100  0.025739  0.992188
077150  0.005509  1.000000
077200  0.009234  0.992188
077250  0.006248  0.992188
077300  0.016591  0.984375
077350  0.036433  0.984375
077400  0.001329  1.000000
077450  0.005106  0.992188
077500  0.003756  1.000000
077550  0.001972  1.000000
077600  0.001239  1.000000
077650  0.004981  1.000000
077700  0.008664  1.000000
077750  0.031554  0.976562
077800  0.001370  1.000000
077850  0.012811  0.984375
077900  0.014704  0.976562
077950  0.012327  0.992188
078000  0.015053  0.992188
078050  0.001166  1.000000
078100  0.000829  1.000000
078150  0.019669  0.976562
078200  0.017747  0.992188
078250  0.019226  0.992188
078300  0.002822  1.000000
078350  0.007553  0.992188
078400  0.019544  0.992188
078450  0.002035  1.000000
078500  0.011127  0.992188
078550  0.019372  0.984375
078600  0.005756  1.000000
078650  0.003152  1.000000
078700  0.004800  1.000000
078750  0.002263  1.000000
078800  0.000525  1.000000
078850  0.000773  1.000000
078900  0.001334  1.000000
078950  0.008109  1.000000
079000  0.002102  1.000000
079050  0.018265  0.984375
079100  0.018316  0.992188
079150  0.014320  0.984375
079200  0.001891  1.000000
079250  0.019659  0.984375
079300  0.026311  0.976562
079350  0.003569  1.000000
079400  0.025881  0.976562
079450  0.002484  1.000000
079500  0.009650  0.992188
079550  0.004336  0.992188
079600  0.002028  1.000000
079650  0.001596  1.000000
079700  0.008087  0.992188
079750  0.012243  0.992188
079800  0.010017  0.992188
079850  0.027733  0.984375
079900  0.014004  0.992188
079950  0.021718  0.976562
080000  0.004790  0.992188
080050  0.002774  1.000000
080100  0.006222  1.000000
080150  0.008757  0.992188
080200  0.004876  0.992188
080250  0.000540  1.000000
080300  0.008073  0.992188
080350  0.034754  0.984375
080400  0.005647  1.000000
080450  0.004275  0.992188
080500  0.003138  1.000000
080550  0.004364  1.000000
080600  0.002429  1.000000
080650  0.013696  0.992188
080700  0.000858  1.000000
080750  0.003456  1.000000
080800  0.007915  1.000000
080850  0.002962  1.000000
080900  0.023173  0.984375
080950  0.001359  1.000000
081000  0.017605  0.992188
081050  0.006991  0.992188
081100  0.021882  0.976562
081150  0.003663  1.000000
081200  0.011070  0.992188
081250  0.004181  1.000000
081300  0.004551  1.000000
081350  0.004020  1.000000
081400  0.002251  1.000000
081450  0.020742  0.992188
081500  0.011383  0.992188
081550  0.013821  0.992188
081600  0.014064  0.992188
081650  0.000829  1.000000
081700  0.003874  1.000000
081750  0.006081  0.992188
081800  0.017544  0.992188
081850  0.006287  0.992188
081900  0.001087  1.000000
081950  0.002568  1.000000
082000  0.013636  0.992188
082050  0.063229  0.984375
082100  0.003361  1.000000
082150  0.019984  0.992188
082200  0.005362  0.992188
082250  0.002531  1.000000
082300  0.032344  0.984375
082350  0.008880  0.984375
082400  0.011393  0.992188
082450  0.006957  0.992188
082500  0.004228  0.992188
082550  0.009063  0.992188
082600  0.007632  1.000000
082650  0.031082  0.984375
082700  0.001131  1.000000
082750  0.024159  0.968750
082800  0.029394  0.992188
082850  0.013448  0.984375
082900  0.007456  0.992188
082950  0.000555  1.000000
083000  0.017522  0.992188
083050  0.007851  0.992188
083100  0.002911  1.000000
083150  0.020249  0.992188
083200  0.002696  1.000000
083250  0.016279  0.984375
083300  0.009898  0.992188
083350  0.003702  1.000000
083400  0.007514  0.992188
083450  0.017745  0.992188
083500  0.006973  1.000000
083550  0.012705  0.992188
083600  0.001997  1.000000
083650  0.004958  1.000000
083700  0.002201  1.000000
083750  0.000554  1.000000
083800  0.005944  0.992188
083850  0.006571  0.992188
083900  0.026839  0.984375
083950  0.011596  0.984375
084000  0.023056  0.992188
084050  0.004055  1.000000
084100  0.001433  1.000000
084150  0.013048  0.992188
084200  0.000743  1.000000
084250  0.003883  1.000000
084300  0.013526  0.992188
084350  0.003077  1.000000
084400  0.023291  0.976562
084450  0.001074  1.000000
084500  0.010431  0.992188
084550  0.001174  1.000000
084600  0.016555  0.992188
084650  0.000568  1.000000
084700  0.016091  0.984375
084750  0.008249  0.992188
084800  0.001026  1.000000
084850  0.003366  1.000000
084900  0.009540  0.992188
084950  0.003270  1.000000
085000  0.009608  0.992188
085050  0.013745  0.992188
085100  0.003806  1.000000
085150  0.013423  0.992188
085200  0.004679  1.000000
085250  0.030354  0.992188
085300  0.012447  0.984375
085350  0.013348  0.992188
085400  0.009280  0.992188
085450  0.011454  0.984375
085500  0.001991  1.000000
085550  0.010812  0.984375
085600  0.007014  0.992188
085650  0.005557  1.000000
085700  0.009116  0.984375
085750  0.001236  1.000000
085800  0.000242  1.000000
085850  0.014931  0.992188
085900  0.005124  1.000000
085950  0.001404  1.000000
086000  0.021345  0.976562
086050  0.006297  0.992188
086100  0.043164  0.984375
086150  0.013463  0.992188
086200  0.008125  1.000000
086250  0.011790  0.992188
086300  0.003023  1.000000
086350  0.002733  1.000000
086400  0.004735  1.000000
086450  0.001342  1.000000
086500  0.001252  1.000000
086550  0.005580  0.992188
086600  0.010375  0.984375
086650  0.010433  0.984375
086700  0.008713  0.992188
086750  0.017462  0.984375
086800  0.001302  1.000000
086850  0.001723  1.000000
086900  0.003705  1.000000
086950  0.009953  0.992188
087000  0.004900  1.000000
087050  0.001055  1.000000
087100  0.012404  0.992188
087150  0.002161  1.000000
087200  0.015313  0.984375
087250  0.007033  0.992188
087300  0.000610  1.000000
087350  0.013057  0.992188
087400  0.003509  1.000000
087450  0.001219  1.000000
087500  0.012537  0.992188
087550  0.001672  1.000000
087600  0.032972  0.992188
087650  0.002388  1.000000
087700  0.000471  1.000000
087750  0.043023  0.976562
087800  0.007377  0.992188
087850  0.032501  0.992188
087900  0.002177  1.000000
087950  0.002665  1.000000
088000  0.026516  0.992188
088050  0.009234  0.992188
088100  0.015128  0.992188
088150  0.003575  1.000000
088200  0.023611  0.984375
088250  0.005688  0.992188
088300  0.007597  0.992188
088350  0.001422  1.000000
088400  0.004100  1.000000
088450  0.004180  1.000000
088500  0.015984  0.984375
088550  0.002963  1.000000
088600  0.002327  1.000000
088650  0.014762  0.984375
088700  0.004530  0.992188
088750  0.002408  1.000000
088800  0.007997  0.992188
088850  0.016754  0.984375
088900  0.007358  1.000000
088950  0.000482  1.000000
089000  0.019004  0.984375
089050  0.004932  0.992188
089100  0.011041  0.992188
089150  0.002059  1.000000
089200  0.001183  1.000000
089250  0.001572  1.000000
089300  0.001115  1.000000
089350  0.005994  1.000000
089400  0.017582  0.984375
089450  0.000582  1.000000
089500  0.025739  0.984375
089550  0.009237  0.992188
089600  0.008636  0.992188
089650  0.004675  1.000000
089700  0.008885  0.992188
089750  0.002605  1.000000
089800  0.014004  0.992188
089850  0.015954  0.984375
089900  0.003150  0.992188
089950  0.010623  0.992188
090000  0.001648  1.000000
090050  0.012190  0.992188
090100  0.002584  1.000000
090150  0.046009  0.976562
090200  0.003015  1.000000
090250  0.010265  0.992188
090300  0.007014  0.992188
090350  0.028280  0.984375
090400  0.001664  1.000000
090450  0.009803  0.984375
090500  0.000851  1.000000
090550  0.002299  1.000000
090600  0.035863  0.992188
090650  0.001108  1.000000
090700  0.006294  0.992188
090750  0.001752  1.000000
090800  0.007071  0.992188
090850  0.035719  0.992188
090900  0.006799  0.992188
090950  0.004243  0.992188
091000  0.015246  0.992188
091050  0.000329  1.000000
091100  0.006350  0.992188
091150  0.002248  1.000000
091200  0.015371  0.984375
091250  0.012876  0.992188
091300  0.001228  1.000000
091350  0.000561  1.000000
091400  0.002180  1.000000
091450  0.003020  1.000000
091500  0.003830  1.000000
091550  0.011506  0.984375
091600  0.009930  0.992188
091650  0.004636  1.000000
091700  0.006973  0.992188
091750  0.002965  1.000000
091800  0.003370  1.000000
091850  0.005670  1.000000
091900  0.014411  0.984375
091950  0.004023  1.000000
092000  0.007802  1.000000
092050  0.011781  0.984375
092100  0.000607  1.000000
092150  0.002135  1.000000
092200  0.004358  1.000000
092250  0.011924  0.992188
092300  0.001721  1.000000
092350  0.006581  0.992188
092400  0.009703  0.992188
092450  0.000833  1.000000
092500  0.001431  1.000000
092550  0.001012  1.000000
092600  0.030384  0.968750
092650  0.001571  1.000000
092700  0.004830  0.992188
092750  0.000672  1.000000
092800  0.003251  1.000000
092850  0.002063  1.000000
092900  0.001916  1.000000
092950  0.020486  0.984375
093000  0.009694  0.992188
093050  0.020019  0.976562
093100  0.008023  0.992188
093150  0.004199  0.992188
093200  0.020230  0.976562
093250  0.005302  1.000000
093300  0.011200  0.992188
093350  0.019134  0.992188
093400  0.017090  0.976562
093450  0.007077  0.992188
093500  0.003116  1.000000
093550  0.003543  0.992188
093600  0.005646  0.992188
093650  0.001981  1.000000
093700  0.000418  1.000000
093750  0.022668  0.992188
093800  0.000389  1.000000
093850  0.001445  1.000000
093900  0.001652  1.000000
093950  0.011957  0.984375
094000  0.007921  0.992188
094050  0.008988  0.984375
094100  0.002885  1.000000
094150  0.000347  1.000000
094200  0.004398  1.000000
094250  0.040610  0.992188
094300  0.000791  1.000000
094350  0.010222  0.984375
094400  0.000879  1.000000
094450  0.001395  1.000000
094500  0.000581  1.000000
094550  0.003729  1.000000
094600  0.003478  1.000000
094650  0.005260  0.992188
094700  0.014343  0.984375
094750  0.028304  0.992188
094800  0.003272  1.000000
094850  0.025169  0.968750
094900  0.008975  0.992188
094950  0.008182  0.992188
095000  0.015016  0.984375
095050  0.082857  0.992188
095100  0.001825  1.000000
095150  0.005709  0.992188
095200  0.008233  0.984375
095250  0.006482  0.992188
095300  0.003395  1.000000
095350  0.018054  0.992188
095400  0.002446  1.000000
095450  0.018747  0.992188
095500  0.013899  0.992188
095550  0.003707  1.000000
095600  0.014506  0.992188
095650  0.005643  1.000000
095700  0.011337  0.992188
095750  0.019766  0.984375
095800  0.004892  0.992188
095850  0.003441  1.000000
095900  0.001333  1.000000
095950  0.031079  0.984375
096000  0.001383  1.000000
096050  0.001047  1.000000
096100  0.006646  0.992188
096150  0.031438  0.992188
096200  0.002741  1.000000
096250  0.013845  0.992188
096300  0.001262  1.000000
096350  0.010690  0.992188
096400  0.013502  0.992188
096450  0.000395  1.000000
096500  0.001486  1.000000
096550  0.002424  1.000000
096600  0.010773  0.992188
096650  0.010546  0.992188
096700  0.007050  0.992188
096750  0.002585  1.000000
096800  0.018930  0.992188
096850  0.021911  0.984375
096900  0.009884  0.992188
096950  0.005518  1.000000
097000  0.002433  1.000000
097050  0.018877  0.984375
097100  0.006217  0.992188
097150  0.001829  1.000000
097200  0.007954  0.992188
097250  0.000778  1.000000
097300  0.004623  1.000000
097350  0.008104  1.000000
097400  0.000476  1.000000
097450  0.022288  0.992188
097500  0.002128  1.000000
097550  0.001118  1.000000
097600  0.001152  1.000000
097650  0.019770  0.992188
097700  0.002434  1.000000
097750  0.001320  1.000000
097800  0.005244  1.000000
097850  0.022405  0.992188
097900  0.009825  0.992188
097950  0.019203  0.992188
098000  0.015048  0.984375
098050  0.022443  0.976562
098100  0.001935  1.000000
098150  0.023121  0.992188
098200  0.011729  0.992188
098250  0.000497  1.000000
098300  0.003641  1.000000
098350  0.005217  0.992188
098400  0.014481  0.992188
098450  0.002986  1.000000
098500  0.006754  1.000000
098550  0.002909  1.000000
098600  0.010930  0.992188
098650  0.006281  0.992188
098700  0.013002  0.984375
098750  0.001863  1.000000
098800  0.003967  1.000000
098850  0.002349  1.000000
098900  0.029069  0.992188
098950  0.020640  0.984375
099000  0.004376  1.000000
099050  0.005701  0.992188
099100  0.003374  1.000000
099150  0.017864  0.984375
099200  0.002200  1.000000
099250  0.007625  0.992188
099300  0.003836  0.992188
099350  0.004211  1.000000
099400  0.002194  1.000000
099450  0.003057  1.000000
099500  0.009076  0.992188
099550  0.019842  0.984375
099600  0.001364  1.000000
099650  0.003989  1.000000
099700  0.003044  1.000000
099750  0.034678  0.992188
099800  0.002858  1.000000
099850  0.001183  1.000000
099900  0.010695  0.992188
099950  0.000405  1.000000
100000  0.001040  1.000000
